2023-11-22 11:55:22,371:INFO:Training Starts! input_window = 50, num_layers = 1, output_widow = 15,        hidden_dim = 40, bidirectional = False,        lr = 0.001, batch_sz = 32, epochs = 30
2023-11-22 11:56:02,302:INFO:Epoch: 0, train loss: 0.07437177684465189, validation: 0.06645145541641166
2023-11-22 11:56:40,651:INFO:Epoch: 1, train loss: 0.06237814254993487, validation: 0.062390672542302995
2023-11-22 11:57:18,493:INFO:Epoch: 2, train loss: 0.059467096415940675, validation: 0.06081927741207162
2023-11-22 11:57:57,204:INFO:Epoch: 3, train loss: 0.05770482828626235, validation: 0.060916951264501126
2023-11-22 11:58:34,884:INFO:Epoch: 4, train loss: 0.0563836763576949, validation: 0.059092642785816815
2023-11-22 11:59:14,421:INFO:Epoch: 5, train loss: 0.055494542151529304, validation: 0.05852093470881399
2023-11-22 11:59:53,759:INFO:Epoch: 6, train loss: 0.05484228456331315, validation: 0.057621307715047775
2023-11-22 12:00:33,009:INFO:Epoch: 7, train loss: 0.05431099226501704, validation: 0.057981687855390304
2023-11-22 12:01:10,729:INFO:Epoch: 8, train loss: 0.05383923483462815, validation: 0.05752345637493992
2023-11-22 12:01:50,125:INFO:Epoch: 9, train loss: 0.05341418241493757, validation: 0.057408318503220125
2023-11-22 12:02:28,091:INFO:Epoch: 10, train loss: 0.05304801543304427, validation: 0.05717860995652475
2023-11-22 12:03:07,747:INFO:Epoch: 11, train loss: 0.052744394420764444, validation: 0.0572223784826207
2023-11-22 12:03:48,330:INFO:Epoch: 12, train loss: 0.052395469904812336, validation: 0.05698738423551652
2023-11-22 12:04:28,694:INFO:Epoch: 13, train loss: 0.05217871297935669, validation: 0.057127731170233106
2023-11-22 12:05:08,046:INFO:Epoch: 14, train loss: 0.05189578272239092, validation: 0.05701852404308332
2023-11-22 12:05:48,858:INFO:Epoch: 15, train loss: 0.05166167237253267, validation: 0.05647721294806081
2023-11-22 12:06:26,785:INFO:Epoch: 16, train loss: 0.051461926536291114, validation: 0.05662418872036274
2023-11-22 12:07:06,326:INFO:Epoch: 17, train loss: 0.05125664540023882, validation: 0.05666887018290078
2023-11-22 12:07:43,924:INFO:Epoch: 18, train loss: 0.05111431608170164, validation: 0.05666718552372817
2023-11-22 12:08:23,337:INFO:Epoch: 19, train loss: 0.05094012853020764, validation: 0.056581308411444334
2023-11-22 12:09:00,928:INFO:Epoch: 20, train loss: 0.050814708845251494, validation: 0.056682827728546825
2023-11-22 12:09:40,336:INFO:Epoch: 21, train loss: 0.05065488004585938, validation: 0.05652281887265558
2023-11-22 12:10:17,882:INFO:Epoch: 22, train loss: 0.05054313787654167, validation: 0.05700071083582961
2023-11-22 12:10:57,614:INFO:Epoch: 23, train loss: 0.05041471217725202, validation: 0.056482659990453085
2023-11-22 12:11:35,357:INFO:Epoch: 24, train loss: 0.05030636131742688, validation: 0.056532692861938745
2023-11-22 12:12:16,565:INFO:Epoch: 25, train loss: 0.05017646885265966, validation: 0.05724979120927033
2023-11-22 12:12:54,140:INFO:Epoch: 26, train loss: 0.05009136427518786, validation: 0.05635005166450438
2023-11-22 12:13:33,452:INFO:Epoch: 27, train loss: 0.04998733039748047, validation: 0.05633612065090358
2023-11-22 12:14:11,006:INFO:Epoch: 28, train loss: 0.04989737465396102, validation: 0.056430134515732186
2023-11-22 12:14:50,457:INFO:Epoch: 29, train loss: 0.04979218779223011, validation: 0.056726501726526865
2023-11-23 11:15:20,424:INFO:
Training Starts! input_window = 50, num_layers = 1, output_widow = 15,        hidden_dim = 40, bidirectional = False,        lr = 0.001, batch_sz = 32, epochs = 30
2023-11-23 11:16:01,951:INFO:Epoch: 0, train loss: 0.0754123397634377, validation: 0.06865182379823366
2023-11-23 11:16:39,644:INFO:Epoch: 1, train loss: 0.062419748808023985, validation: 0.06319733427085715
2023-11-23 11:17:19,466:INFO:Epoch: 2, train loss: 0.059720510474919136, validation: 0.06127587294676619
2023-11-23 11:17:57,381:INFO:Epoch: 3, train loss: 0.058310186804640535, validation: 0.06114399883578227
2023-11-23 11:18:35,849:INFO:Epoch: 4, train loss: 0.057146120913940945, validation: 0.059544606145030175
2023-11-23 11:19:14,691:INFO:Epoch: 5, train loss: 0.05633310594350064, validation: 0.05903476248677944
2023-11-23 11:19:52,159:INFO:Epoch: 6, train loss: 0.055565676842758684, validation: 0.05867668471400745
2023-11-23 11:20:31,195:INFO:Epoch: 7, train loss: 0.054952812295708225, validation: 0.05835457096441813
2023-11-23 11:21:08,354:INFO:Epoch: 8, train loss: 0.05445960375436959, validation: 0.05810715678506546
2023-11-23 11:21:47,074:INFO:Epoch: 9, train loss: 0.054047350284143876, validation: 0.05813255316908031
2023-11-23 11:22:24,918:INFO:Epoch: 10, train loss: 0.05368839046709783, validation: 0.05712019473239489
2023-11-23 11:23:03,215:INFO:Epoch: 11, train loss: 0.053383439156322876, validation: 0.05718373731028016
2023-11-23 11:23:40,947:INFO:Epoch: 12, train loss: 0.0530725868291966, validation: 0.05760335144113322
2023-11-23 11:24:18,124:INFO:Epoch: 13, train loss: 0.05279807919233574, validation: 0.05745639638058657
2023-11-23 11:24:57,288:INFO:Epoch: 14, train loss: 0.052572397698252525, validation: 0.05717869502563063
2023-11-23 11:25:34,791:INFO:Epoch: 15, train loss: 0.05233609799053839, validation: 0.05795633544212858
2023-11-23 11:26:14,342:INFO:Epoch: 16, train loss: 0.052113559396291385, validation: 0.05694979181100077
2023-11-23 11:26:51,491:INFO:Epoch: 17, train loss: 0.05191849226785556, validation: 0.05710884694271115
2023-11-23 11:27:29,880:INFO:Epoch: 18, train loss: 0.05174695172427613, validation: 0.056814549981835806
2023-11-23 11:28:07,889:INFO:Epoch: 19, train loss: 0.05157165743784452, validation: 0.056745623355254536
2023-11-23 11:28:45,729:INFO:Epoch: 20, train loss: 0.05140770252546268, validation: 0.05760602777964742
2023-11-23 11:29:24,051:INFO:Epoch: 21, train loss: 0.051242323107913594, validation: 0.05646352968496402
2023-11-23 11:30:00,860:INFO:Epoch: 22, train loss: 0.05107525444998655, validation: 0.05808930987567347
2023-11-23 11:30:39,857:INFO:Epoch: 23, train loss: 0.05095560152553933, validation: 0.056976920242734194
2023-11-23 11:31:16,999:INFO:Epoch: 24, train loss: 0.05080357858520231, validation: 0.056393963640247895
2023-11-23 11:31:54,888:INFO:Epoch: 25, train loss: 0.05068981646156225, validation: 0.05709845053842684
2023-11-23 11:32:32,633:INFO:Epoch: 26, train loss: 0.050567298076011326, validation: 0.056590745498418124
2023-11-23 11:33:10,064:INFO:Epoch: 27, train loss: 0.050424228650593796, validation: 0.056681149971792084
2023-11-23 11:33:48,667:INFO:Epoch: 28, train loss: 0.05032437913288922, validation: 0.05654334829059547
2023-11-23 11:34:25,662:INFO:Epoch: 29, train loss: 0.05024889890788466, validation: 0.05655005594068277
2023-11-23 13:04:49,004:INFO:
Training Starts! input_window = 50, num_layers = 1, output_widow = 15,        hidden_dim = 40, bidirectional = False,        lr = 0.001, batch_sz = 32, epochs = 30
2023-11-23 13:05:33,777:INFO:Epoch: 0, train loss: 0.07646144446221446, validation: 0.067505180215881
2023-11-23 13:06:11,825:INFO:Epoch: 1, train loss: 0.06210598882624515, validation: 0.06280847473877206
2023-11-23 13:06:52,441:INFO:Epoch: 2, train loss: 0.05927502282367361, validation: 0.062155506583832745
2023-11-23 13:07:30,400:INFO:Epoch: 3, train loss: 0.0576224005273356, validation: 0.06068655230253132
2023-11-23 13:08:10,389:INFO:Epoch: 4, train loss: 0.05657715978451765, validation: 0.059310164079236304
2023-11-23 13:08:48,850:INFO:Epoch: 5, train loss: 0.0557017572851698, validation: 0.06123955470865977
2023-11-23 13:09:28,521:INFO:Epoch: 6, train loss: 0.05505297399986104, validation: 0.05785699262397842
2023-11-23 13:10:06,748:INFO:Epoch: 7, train loss: 0.05455265739426011, validation: 0.05766215248974942
2023-11-23 13:10:46,920:INFO:Epoch: 8, train loss: 0.0540747080682189, validation: 0.05724686526903423
2023-11-23 13:11:24,902:INFO:Epoch: 9, train loss: 0.05370642467799153, validation: 0.05688649494471736
2023-11-23 13:12:05,037:INFO:Epoch: 10, train loss: 0.0533041866789214, validation: 0.057011744044174
2023-11-23 13:12:43,297:INFO:Epoch: 11, train loss: 0.05299271627925321, validation: 0.05713969765313774
2023-11-23 13:13:22,915:INFO:Epoch: 12, train loss: 0.052664391018749944, validation: 0.05696611132816957
2023-11-23 13:14:00,943:INFO:Epoch: 13, train loss: 0.052400919919657736, validation: 0.05685531375865651
2023-11-23 13:14:40,991:INFO:Epoch: 14, train loss: 0.05212648032446014, validation: 0.05664878582357141
2023-11-23 13:15:19,086:INFO:Epoch: 15, train loss: 0.05190474519432659, validation: 0.056805308711882815
2023-11-23 13:15:59,357:INFO:Epoch: 16, train loss: 0.051674990601650705, validation: 0.05633139872113542
2023-11-23 13:16:37,677:INFO:Epoch: 17, train loss: 0.05147297164356267, validation: 0.05716622473305321
2023-11-23 13:17:18,089:INFO:Epoch: 18, train loss: 0.051308652686792654, validation: 0.05726690057559148
2023-11-23 13:17:56,534:INFO:Epoch: 19, train loss: 0.051153015419069345, validation: 0.05701753287104331
2023-11-23 13:18:37,211:INFO:Epoch: 20, train loss: 0.051008330824685165, validation: 0.05680298744706909
2023-11-23 13:19:15,595:INFO:Epoch: 21, train loss: 0.05086299043989951, validation: 0.05672973412989207
2023-11-23 13:19:56,067:INFO:Epoch: 22, train loss: 0.050740755229227004, validation: 0.0569339759992742
2023-11-23 13:20:34,379:INFO:Epoch: 23, train loss: 0.05059592049807749, validation: 0.056449566641069295
2023-11-23 13:21:14,445:INFO:Epoch: 24, train loss: 0.05048236607101775, validation: 0.05650955201203683
2023-11-23 13:21:52,935:INFO:Epoch: 25, train loss: 0.05037117790369957, validation: 0.05658840181849319
2023-11-23 13:22:33,099:INFO:Epoch: 26, train loss: 0.050235256396919455, validation: 0.05659936851250303
2023-11-23 13:23:11,326:INFO:Epoch: 27, train loss: 0.05016246533287635, validation: 0.0563843236056363
2023-11-23 13:23:51,580:INFO:Epoch: 28, train loss: 0.05003911849350176, validation: 0.0568210465307544
2023-11-23 13:24:29,886:INFO:Epoch: 29, train loss: 0.04995996336338056, validation: 0.056477796874675835
2023-12-06 12:17:32,621:INFO:
Training Starts!                        input_window = 50,                        num_layers = 1,                        output_widow = 15,                        hidden_dim = 40,                        bidirectional = True,                        drop_out = 0                        lr = 0.001,                        batch_sz = 32,                        epochs = 30
2023-12-06 12:19:31,220:INFO:Epoch: 0, train loss: 0.0728432100187588, validation: 0.0666025026027355
